D:\Документы\VISUAL C++\C\MOD_8_DZ\MOD_8_DZ\DEBUG\INPUT_OUTPUT.OBJ
D:\Документы\VISUAL C++\C\MOD_8_DZ\MOD_8_DZ\DEBUG\MAIN.OBJ
D:\Документы\VISUAL C++\C\MOD_8_DZ\MOD_8_DZ\DEBUG\MATEM.OBJ
D:\Документы\VISUAL C++\C\MOD_8_DZ\MOD_8_DZ\DEBUG\TETRAGON.OBJ
D:\Документы\VISUAL C++\C\MOD_8_DZ\MOD_8_DZ\DEBUG\TRIANGLE.OBJ
D:\ДОКУМЕНТЫ\VISUAL C++\C\MOD_8_DZ\MOD_8_DZ\DEBUG\VC110.PDB
D:\Документы\Visual C++\C\mod_8_dz\mod_8_dz\Debug\input_output.obj
D:\Документы\Visual C++\C\mod_8_dz\mod_8_dz\Debug\main.obj
D:\Документы\Visual C++\C\mod_8_dz\mod_8_dz\Debug\matem.obj
D:\Документы\Visual C++\C\mod_8_dz\mod_8_dz\Debug\tetragon.obj
D:\Документы\Visual C++\C\mod_8_dz\mod_8_dz\Debug\triangle.obj
D:\Документы\Visual C++\C\mod_8_dz\mod_8_dz\Debug\cl.command.1.tlog
D:\Документы\Visual C++\C\mod_8_dz\mod_8_dz\Debug\CL.read.1.tlog
D:\Документы\Visual C++\C\mod_8_dz\mod_8_dz\Debug\CL.write.1.tlog
D:\Документы\Visual C++\C\mod_8_dz\mod_8_dz\Debug\link-cvtres.read.1.tlog
D:\Документы\Visual C++\C\mod_8_dz\mod_8_dz\Debug\link-cvtres.write.1.tlog
D:\Документы\Visual C++\C\mod_8_dz\mod_8_dz\Debug\link-rc.read.1.tlog
D:\Документы\Visual C++\C\mod_8_dz\mod_8_dz\Debug\link-rc.write.1.tlog
D:\Документы\Visual C++\C\mod_8_dz\mod_8_dz\Debug\link.command.1.tlog
D:\Документы\Visual C++\C\mod_8_dz\mod_8_dz\Debug\link.read.1.tlog
D:\Документы\Visual C++\C\mod_8_dz\mod_8_dz\Debug\link.write.1.tlog
D:\Документы\Visual C++\C\mod_8_dz\mod_8_dz\Debug\vc110.idb
D:\Документы\Visual C++\C\mod_8_dz\mod_8_dz\Debug\vc110.pdb
D:\Документы\Visual C++\C\mod_8_dz\Debug\mod_8_dz.pdb
